<?xml version="1.0" encoding="UTF-8"?>
<!-- Generated by org.testng.reporters.JUnitReportReporter -->
<testsuite hostname="DESKTOP-HP5KI8N" failures="0" tests="1" name="cursoAppium.Appiumsv.eCommerce_tc_3" time="30.570" errors="0" timestamp="2023-01-25T11:21:36 ART" skipped="0">
  <testcase classname="cursoAppium.Appiumsv.eCommerce_tc_3" name="FillForm" time="30.570"/>
  <system-out/>
</testsuite> <!-- cursoAppium.Appiumsv.eCommerce_tc_3 -->
