<?xml version="1.0" encoding="UTF-8"?>
<!-- Generated by org.testng.reporters.JUnitReportReporter -->
<testsuite hostname="DESKTOP-HP5KI8N" failures="0" tests="1" name="cursoAppium.Appiumsv.ScrollDemo" time="9.431" errors="0" timestamp="2023-01-11T11:43:03 ART" skipped="0">
  <testcase classname="cursoAppium.Appiumsv.ScrollDemo" name="ScrollGesture" time="9.431"/>
  <system-out/>
</testsuite> <!-- cursoAppium.Appiumsv.ScrollDemo -->
