<?xml version="1.0" encoding="UTF-8"?>
<!-- Generated by org.testng.reporters.JUnitReportReporter -->
<testsuite hostname="DESKTOP-HP5KI8N" failures="0" tests="1" name="cursoAppium.Appiumsv.eCommerce_tc_1" time="13.453" errors="0" timestamp="2023-01-18T12:27:47 ART" skipped="0">
  <testcase classname="cursoAppium.Appiumsv.eCommerce_tc_1" name="FillForm" time="13.453"/>
  <system-out/>
</testsuite> <!-- cursoAppium.Appiumsv.eCommerce_tc_1 -->
