<?xml version="1.0" encoding="UTF-8"?>
<!-- Generated by org.testng.reporters.JUnitReportReporter -->
<testsuite hostname="DESKTOP-HP5KI8N" failures="0" tests="1" name="cursoAppium.Appiumsv.eCommerce_tc_2" time="19.465" errors="0" timestamp="2023-01-18T12:28:21 ART" skipped="0">
  <testcase classname="cursoAppium.Appiumsv.eCommerce_tc_2" name="FillForm" time="19.465"/>
  <system-out/>
</testsuite> <!-- cursoAppium.Appiumsv.eCommerce_tc_2 -->
