<?xml version="1.0" encoding="UTF-8"?>
<!-- Generated by org.testng.reporters.JUnitReportReporter -->
<testsuite hostname="DESKTOP-HP5KI8N" failures="0" tests="1" name="cursoAppium.Appiumsv.AppiumBasics" time="6.751" errors="0" timestamp="2023-01-10T14:51:22 ART" skipped="0">
  <testcase classname="cursoAppium.Appiumsv.AppiumBasics" name="WifiSettingsName" time="6.751"/>
  <system-out/>
</testsuite> <!-- cursoAppium.Appiumsv.AppiumBasics -->
