<?xml version="1.0" encoding="UTF-8"?>
<!-- Generated by org.testng.reporters.JUnitReportReporter -->
<testsuite hostname="DESKTOP-HP5KI8N" failures="0" tests="1" name="cursoAppium.Appiumsv.LongPress" time="5.051" errors="0" timestamp="2023-01-11T11:42:35 ART" skipped="0">
  <testcase classname="cursoAppium.Appiumsv.LongPress" name="LongPressGesture" time="5.051"/>
  <system-out/>
</testsuite> <!-- cursoAppium.Appiumsv.LongPress -->
