<?xml version="1.0" encoding="UTF-8"?>
<!-- Generated by org.testng.reporters.JUnitReportReporter -->
<testsuite hostname="DESKTOP-HP5KI8N" failures="0" tests="1" name="cursoAppium.Appiumsv.MisceallanousAppiumActions" time="7.966" errors="0" timestamp="2023-01-16T15:54:54 ART" skipped="0">
  <testcase classname="cursoAppium.Appiumsv.MisceallanousAppiumActions" name="Miscellaneous" time="7.966"/>
  <system-out/>
</testsuite> <!-- cursoAppium.Appiumsv.MisceallanousAppiumActions -->
