<?xml version="1.0" encoding="UTF-8"?>
<!-- Generated by org.testng.reporters.JUnitReportReporter -->
<testsuite hostname="DESKTOP-HP5KI8N" failures="0" tests="1" name="cursoAppium.Appiumsv.AppiumBasics" time="4.229" errors="0" timestamp="2023-01-11T11:42:08 ART" skipped="0">
  <testcase classname="cursoAppium.Appiumsv.AppiumBasics" name="WifiSettingsName" time="4.229"/>
  <system-out/>
</testsuite> <!-- cursoAppium.Appiumsv.AppiumBasics -->
